#
# There is insufficient memory for the Java Runtime Environment to continue.
# Native memory allocation (malloc) failed to allocate 1048576 bytes for AllocateHeap
# Possible reasons:
#   The system is out of physical RAM or swap space
#   The process is running with CompressedOops enabled, and the Java Heap may be blocking the growth of the native heap
# Possible solutions:
#   Reduce memory load on the system
#   Increase physical memory or swap space
#   Check if swap backing store is full
#   Decrease Java heap size (-Xmx/-Xms)
#   Decrease number of Java threads
#   Decrease Java thread stack sizes (-Xss)
#   Set larger code cache with -XX:ReservedCodeCacheSize=
#   JVM is running with Unscaled Compressed Oops mode in which the Java heap is
#     placed in the first 4GB address space. The Java Heap base address is the
#     maximum limit for the native heap growth. Please use -XX:HeapBaseMinAddress
#     to set the Java Heap base and to place the Java Heap above 4GB virtual address.
# This output file may be truncated or incomplete.
#
#  Out of Memory Error (./open/src/hotspot/share/memory/allocation.cpp:46), pid=8212, tid=19012
#
# JRE version:  (11.0.16.1+1) (build )
# Java VM: Java HotSpot(TM) 64-Bit Server VM (11.0.16.1+1-LTS-1, mixed mode, sharing, tiered, compressed oops, g1 gc, windows-amd64)
# No core dump will be written. Minidumps are not enabled by default on client versions of Windows
#

---------------  S U M M A R Y ------------

Command Line: -Xmx64m -Xms64m -Dorg.gradle.appname=gradlew org.gradle.wrapper.GradleWrapperMain app:installDebug -PreactNativeDevServerPort=8081

Host: Intel(R) Core(TM) i7-8750H CPU @ 2.20GHz, 12 cores, 7G,  Windows 11 , 64 bit Build 22000 (10.0.22000.1335)
Time: Thu Dec 22 21:06:14 2022 SE Asia Standard Time elapsed time: 0.014981 seconds (0d 0h 0m 0s)

---------------  T H R E A D  ---------------

Current thread (0x0000015532704000):  JavaThread "Unknown thread" [_thread_in_vm, id=19012, stack(0x00000030bd600000,0x00000030bd700000)]

Stack: [0x00000030bd600000,0x00000030bd700000]
Native frames: (J=compiled Java code, j=interpreted, Vv=VM code, C=native code)
V  [jvm.dll+0x62a3da]
V  [jvm.dll+0x76407f]
V  [jvm.dll+0x765729]
V  [jvm.dll+0x765db3]
V  [jvm.dll+0x23dc18]
V  [jvm.dll+0xb1494]
V  [jvm.dll+0x2cc138]
V  [jvm.dll+0x73e637]
V  [jvm.dll+0x73fedf]
V  [jvm.dll+0x346f09]
V  [jvm.dll+0x723f50]
V  [jvm.dll+0x3b5aef]
V  [jvm.dll+0x3b7c01]
C  [jli.dll+0x5207]
C  [ucrtbase.dll+0x26c0c]
C  [KERNEL32.DLL+0x155a0]
C  [ntdll.dll+0x485b]


---------------  P R O C E S S  ---------------

Threads class SMR info:
_java_thread_list=0x00000155304425f0, length=0, elements={
}

Java Threads: ( => current thread )

Other Threads:

=>0x0000015532704000 (exited) JavaThread "Unknown thread" [_thread_in_vm, id=19012, stack(0x00000030bd600000,0x00000030bd700000)]

Threads with active compile tasks:

VM state:not at safepoint (not fully initialized)

VM Mutex/Monitor currently owned by a thread: None


[error occurred during error reporting (printing compressed oops mode), id 0xc0000005, EXCEPTION_ACCESS_VIOLATION (0xc0000005) at pc=0x00007ffbcc75f527]

GC Heap History (0 events):
No events

Deoptimization events (0 events):
No events

Classes redefined (0 events):
No events

Internal exceptions (0 events):
No events

Events (0 events):
No events


Dynamic libraries:
0x00007ff671370000 - 0x00007ff67137f000 	C:\Program Files\Java\jdk-11.0.16.1\bin\java.exe
0x00007ffc4e880000 - 0x00007ffc4ea89000 	C:\WINDOWS\SYSTEM32\ntdll.dll
0x00007ffc4e0f0000 - 0x00007ffc4e1ae000 	C:\WINDOWS\System32\KERNEL32.DLL
0x00007ffc4be80000 - 0x00007ffc4c1fb000 	C:\WINDOWS\System32\KERNELBASE.dll
0x00007ffc4c350000 - 0x00007ffc4c461000 	C:\WINDOWS\System32\ucrtbase.dll
0x00007ffc48600000 - 0x00007ffc48618000 	C:\Program Files\Java\jdk-11.0.16.1\bin\jli.dll
0x00007ffc351d0000 - 0x00007ffc351e5000 	C:\Program Files\Java\jdk-11.0.16.1\bin\VCRUNTIME140.dll
0x00007ffc4e510000 - 0x00007ffc4e5be000 	C:\WINDOWS\System32\ADVAPI32.dll
0x00007ffc4e600000 - 0x00007ffc4e6a3000 	C:\WINDOWS\System32\msvcrt.dll
0x00007ffc4c7d0000 - 0x00007ffc4c86e000 	C:\WINDOWS\System32\sechost.dll
0x00007ffc4ca20000 - 0x00007ffc4cb40000 	C:\WINDOWS\System32\RPCRT4.dll
0x00007ffc4df40000 - 0x00007ffc4e0ed000 	C:\WINDOWS\System32\USER32.dll
0x00007ffc4c320000 - 0x00007ffc4c346000 	C:\WINDOWS\System32\win32u.dll
0x00007ffc3a360000 - 0x00007ffc3a605000 	C:\WINDOWS\WinSxS\amd64_microsoft.windows.common-controls_6595b64144ccf1df_6.0.22000.120_none_9d947278b86cc467\COMCTL32.dll
0x00007ffc4e6b0000 - 0x00007ffc4e6d9000 	C:\WINDOWS\System32\GDI32.dll
0x00007ffc4c200000 - 0x00007ffc4c318000 	C:\WINDOWS\System32\gdi32full.dll
0x00007ffc4c470000 - 0x00007ffc4c50d000 	C:\WINDOWS\System32\msvcp_win.dll
0x00007ffc45f30000 - 0x00007ffc45f3a000 	C:\WINDOWS\SYSTEM32\VERSION.dll
0x00007ffc4e5c0000 - 0x00007ffc4e5f2000 	C:\WINDOWS\System32\IMM32.DLL
0x00007ffbd3790000 - 0x00007ffbd382b000 	C:\Program Files\Java\jdk-11.0.16.1\bin\msvcp140.dll
0x00007ffbcc020000 - 0x00007ffbccb38000 	C:\Program Files\Java\jdk-11.0.16.1\bin\server\jvm.dll
0x00007ffc4e830000 - 0x00007ffc4e838000 	C:\WINDOWS\System32\PSAPI.DLL
0x00007ffc46870000 - 0x00007ffc468a3000 	C:\WINDOWS\SYSTEM32\WINMM.dll
0x00007ffc2fcb0000 - 0x00007ffc2fcb9000 	C:\WINDOWS\SYSTEM32\WSOCK32.dll
0x00007ffc4c760000 - 0x00007ffc4c7cf000 	C:\WINDOWS\System32\WS2_32.dll
0x00007ffc4aec0000 - 0x00007ffc4aed8000 	C:\WINDOWS\SYSTEM32\kernel.appcore.dll
0x00007ffc485f0000 - 0x00007ffc48600000 	C:\Program Files\Java\jdk-11.0.16.1\bin\verify.dll
0x00007ffc43de0000 - 0x00007ffc44001000 	C:\WINDOWS\SYSTEM32\DBGHELP.DLL
0x00007ffc359b0000 - 0x00007ffc359e1000 	C:\WINDOWS\SYSTEM32\dbgcore.DLL
0x00007ffc4c680000 - 0x00007ffc4c6ff000 	C:\WINDOWS\System32\bcryptPrimitives.dll
0x00007ffc32fc0000 - 0x00007ffc32fe8000 	C:\Program Files\Java\jdk-11.0.16.1\bin\java.dll
0x00007ffc32fb0000 - 0x00007ffc32fba000 	C:\Program Files\Java\jdk-11.0.16.1\bin\jimage.dll
0x00007ffc20020000 - 0x00007ffc20036000 	C:\Program Files\Java\jdk-11.0.16.1\bin\zip.dll

dbghelp: loaded successfully - version: 4.0.5 - missing functions: none
symbol engine: initialized successfully - sym options: 0x614 - pdb path: .;C:\Program Files\Java\jdk-11.0.16.1\bin;C:\WINDOWS\SYSTEM32;C:\WINDOWS\WinSxS\amd64_microsoft.windows.common-controls_6595b64144ccf1df_6.0.22000.120_none_9d947278b86cc467;C:\Program Files\Java\jdk-11.0.16.1\bin\server

VM Arguments:
jvm_args: -Xmx64m -Xms64m -Dorg.gradle.appname=gradlew 
java_command: org.gradle.wrapper.GradleWrapperMain app:installDebug -PreactNativeDevServerPort=8081
java_class_path (initial): C:\Users\ara\DiaryNotes\android\\gradle\wrapper\gradle-wrapper.jar
Launcher Type: SUN_STANDARD

[Global flags]
     intx CICompilerCount                          = 4                                         {product} {ergonomic}
     uint G1ConcRefinementThreads                  = 10                                        {product} {ergonomic}
   size_t G1HeapRegionSize                         = 1048576                                   {product} {ergonomic}
    uintx GCDrainStackTargetSize                   = 64                                        {product} {ergonomic}
   size_t InitialHeapSize                          = 67108864                                  {product} {command line}
   size_t MaxHeapSize                              = 67108864                                  {product} {command line}
   size_t MinHeapDeltaBytes                        = 1048576                                   {product} {ergonomic}
    uintx NonNMethodCodeHeapSize                   = 5836300                                {pd product} {ergonomic}
    uintx NonProfiledCodeHeapSize                  = 122910970                              {pd product} {ergonomic}
    uintx ProfiledCodeHeapSize                     = 122910970                              {pd product} {ergonomic}
    uintx ReservedCodeCacheSize                    = 251658240                              {pd product} {ergonomic}
     bool SegmentedCodeCache                       = true                                      {product} {ergonomic}
     bool UseCompressedClassPointers               = true                                 {lp64_product} {ergonomic}
     bool UseCompressedOops                        = true                                 {lp64_product} {ergonomic}
     bool UseG1GC                                  = true                                      {product} {ergonomic}
     bool UseLargePagesIndividualAllocation        = false                                  {pd product} {ergonomic}

Logging:
Log output configuration:
 #0: stdout all=warning uptime,level,tags
 #1: stderr all=off uptime,level,tags

Environment Variables:
JAVA_HOME=C:\Program Files\Java\jdk-11.0.16.1
CLASSPATH=C:\Users\ara\DiaryNotes\android\\gradle\wrapper\gradle-wrapper.jar
PATH=C:\Users\ara\DiaryNotes\android\node_modules\.bin;C:\Users\ara\DiaryNotes\node_modules\.bin;C:\Users\ara\node_modules\.bin;C:\Users\node_modules\.bin;C:\node_modules\.bin;C:\Program Files\nodejs;C:\Users\ara\DiaryNotes\node_modules\.bin;C:\Users\ara\node_modules\.bin;C:\Users\node_modules\.bin;C:\node_modules\.bin;C:\Program Files\nodejs\node_modules\npm\node_modules\@npmcli\run-script\lib\node-gyp-bin;C:\Program Files\Common Files\Oracle\Java\javapath;C:\Program Files (x86)\Common Files\Intel\Shared Files\cpp\bin\Intel64;C:\Program Files (x86)\Common Files\Oracle\Java\javapath;C:\Windows\system32;C:\Windows;C:\Windows\System32\Wbem;C:\Windows\System32\WindowsPowerShell\v1.0\;C:\Windows\System32\OpenSSH\;C:\Program Files (x86)\NVIDIA Corporation\PhysX\Common;C:\Program Files\NVIDIA Corporation\NVIDIA NvDLISR;C:\Program Files\Intel\WiFi\bin\;C:\Program Files\Common Files\Intel\WirelessCommon\;C:\Go\bin;C:\Program Files\PuTTY\;C:\xampp\php;C:\composer;C:\xampp-56\mysql\bin;C:\WINDOWS\system32;C:\WINDOWS;C:\WINDOWS\System32\Wbem;C:\WINDOWS\System32\WindowsPowerShell\v1.0\;C:\WINDOWS\System32\OpenSSH\;C:\Program Files\Git\cmd;C:\Program Files\nodejs\;C:\Program Files\Java\jdk-11.0.16.1;C:\Users\ara\AppData\Local\Programs\Python\Python37-32\Scripts\;C:\Users\ara\AppData\Local\Programs\Python\Python37-32\;C:\Users\ara\AppData\Local\Microsoft\WindowsApps;C:\Users\ara\AppData\Local\Programs\Microsoft VS Code\bin;C:\Users\ara\go\bin;C:\Program Files\JetBrains\PyCharm Community Edition 2019.2.1\bin;;C:\Users\ara\AppData\Roaming\Composer\vendor\bin;C:\Users\ara\AppData\Local\GitHubDesktop\bin;C:\Users\ara\AppData\Roaming\npm;C:\Users\ara\AppData\Local\Android\Sdk\emulator;C:\Users\ara\AppData\Local\Android\Sdk\platform-tools;;C:\Users\ara\DiaryNotes\node_modules\.bin
USERNAME=ara
OS=Windows_NT
PROCESSOR_IDENTIFIER=Intel64 Family 6 Model 158 Stepping 10, GenuineIntel



---------------  S Y S T E M  ---------------

OS: Windows 11 , 64 bit Build 22000 (10.0.22000.1335)

CPU:total 12 (initial active 12) (6 cores per cpu, 2 threads per core) family 6 model 158 stepping 10 microcode 0xde, cmov, cx8, fxsr, mmx, sse, sse2, sse3, ssse3, sse4.1, sse4.2, popcnt, avx, avx2, aes, clmul, erms, 3dnowpref, lzcnt, ht, tsc, tscinvbit, bmi1, bmi2, adx, fma

Memory: 4k page, system-wide physical 8037M (685M free)
TotalPageFile size 10776M (AvailPageFile size 5M)
current process WorkingSet (physical memory assigned to process): 9M, peak: 9M
current process commit charge ("private bytes"): 19M, peak: 20M

vm_info: Java HotSpot(TM) 64-Bit Server VM (11.0.16.1+1-LTS-1) for windows-amd64 JRE (11.0.16.1+1-LTS-1), built on Aug 16 2022 01:46:01 by "mach5one" with MS VC++ 15.9 (VS2017)

END.
